{"C:\\Coding\\CampusForge\\CampusForge\\frontend\\src\\components\\auth\\Register.tsx": {"path":"C:\\Coding\\CampusForge\\CampusForge\\frontend\\src\\components\\auth\\Register.tsx","statementMap":{"0":{"start":{"line":35,"column":23},"end":{"line":63,"column":null}},"1":{"start":{"line":77,"column":17},"end":{"line":77,"column":null}},"2":{"start":{"line":78,"column":8},"end":{"line":78,"column":null}},"3":{"start":{"line":79,"column":29},"end":{"line":79,"column":null}},"4":{"start":{"line":80,"column":39},"end":{"line":80,"column":null}},"5":{"start":{"line":81,"column":53},"end":{"line":81,"column":null}},"6":{"start":{"line":82,"column":51},"end":{"line":82,"column":null}},"7":{"start":{"line":84,"column":8},"end":{"line":98,"column":null}},"8":{"start":{"line":101,"column":26},"end":{"line":152,"column":null}},"9":{"start":{"line":102,"column":4},"end":{"line":144,"column":null}},"10":{"start":{"line":104,"column":6},"end":{"line":106,"column":null}},"11":{"start":{"line":105,"column":8},"end":{"line":105,"column":null}},"12":{"start":{"line":108,"column":21},"end":{"line":108,"column":42}},"13":{"start":{"line":109,"column":19},"end":{"line":109,"column":38}},"14":{"start":{"line":112,"column":6},"end":{"line":143,"column":null}},"15":{"start":{"line":115,"column":10},"end":{"line":118,"column":null}},"16":{"start":{"line":116,"column":34},"end":{"line":116,"column":null}},"17":{"start":{"line":117,"column":12},"end":{"line":117,"column":null}},"18":{"start":{"line":119,"column":10},"end":{"line":119,"column":null}},"19":{"start":{"line":121,"column":10},"end":{"line":121,"column":null}},"20":{"start":{"line":123,"column":10},"end":{"line":123,"column":null}},"21":{"start":{"line":126,"column":10},"end":{"line":128,"column":null}},"22":{"start":{"line":127,"column":12},"end":{"line":127,"column":null}},"23":{"start":{"line":129,"column":10},"end":{"line":131,"column":null}},"24":{"start":{"line":130,"column":12},"end":{"line":130,"column":null}},"25":{"start":{"line":132,"column":10},"end":{"line":132,"column":null}},"26":{"start":{"line":134,"column":10},"end":{"line":134,"column":null}},"27":{"start":{"line":136,"column":10},"end":{"line":136,"column":null}},"28":{"start":{"line":138,"column":10},"end":{"line":138,"column":null}},"29":{"start":{"line":140,"column":10},"end":{"line":140,"column":null}},"30":{"start":{"line":142,"column":10},"end":{"line":142,"column":null}},"31":{"start":{"line":147,"column":4},"end":{"line":149,"column":null}},"32":{"start":{"line":148,"column":6},"end":{"line":148,"column":null}},"33":{"start":{"line":151,"column":4},"end":{"line":151,"column":null}},"34":{"start":{"line":154,"column":2},"end":{"line":169,"column":null}},"35":{"start":{"line":155,"column":30},"end":{"line":166,"column":null}},"36":{"start":{"line":156,"column":6},"end":{"line":165,"column":null}},"37":{"start":{"line":157,"column":20},"end":{"line":157,"column":null}},"38":{"start":{"line":158,"column":8},"end":{"line":158,"column":null}},"39":{"start":{"line":160,"column":8},"end":{"line":160,"column":null}},"40":{"start":{"line":161,"column":29},"end":{"line":161,"column":null}},"41":{"start":{"line":162,"column":8},"end":{"line":162,"column":null}},"42":{"start":{"line":164,"column":8},"end":{"line":164,"column":null}},"43":{"start":{"line":168,"column":4},"end":{"line":168,"column":null}},"44":{"start":{"line":171,"column":33},"end":{"line":190,"column":null}},"45":{"start":{"line":172,"column":4},"end":{"line":172,"column":null}},"46":{"start":{"line":173,"column":4},"end":{"line":189,"column":null}},"47":{"start":{"line":174,"column":18},"end":{"line":176,"column":null}},"48":{"start":{"line":177,"column":28},"end":{"line":177,"column":36}},"49":{"start":{"line":178,"column":6},"end":{"line":178,"column":null}},"50":{"start":{"line":178,"column":32},"end":{"line":178,"column":null}},"51":{"start":{"line":180,"column":6},"end":{"line":180,"column":null}},"52":{"start":{"line":181,"column":6},"end":{"line":181,"column":null}},"53":{"start":{"line":182,"column":6},"end":{"line":182,"column":null}},"54":{"start":{"line":184,"column":27},"end":{"line":184,"column":null}},"55":{"start":{"line":185,"column":6},"end":{"line":185,"column":null}},"56":{"start":{"line":186,"column":6},"end":{"line":186,"column":null}},"57":{"start":{"line":188,"column":6},"end":{"line":188,"column":null}},"58":{"start":{"line":192,"column":28},"end":{"line":195,"column":null}},"59":{"start":{"line":192,"column":62},"end":{"line":195,"column":null}},"60":{"start":{"line":197,"column":54},"end":{"line":257,"column":null}},"61":{"start":{"line":198,"column":4},"end":{"line":198,"column":null}},"62":{"start":{"line":199,"column":4},"end":{"line":256,"column":null}},"63":{"start":{"line":200,"column":27},"end":{"line":203,"column":null}},"64":{"start":{"line":205,"column":18},"end":{"line":205,"column":null}},"65":{"start":{"line":206,"column":25},"end":{"line":206,"column":33}},"66":{"start":{"line":208,"column":6},"end":{"line":210,"column":null}},"67":{"start":{"line":209,"column":8},"end":{"line":209,"column":null}},"68":{"start":{"line":212,"column":6},"end":{"line":214,"column":null}},"69":{"start":{"line":217,"column":6},"end":{"line":217,"column":null}},"70":{"start":{"line":217,"column":35},"end":{"line":217,"column":null}},"71":{"start":{"line":220,"column":6},"end":{"line":246,"column":null}},"72":{"start":{"line":221,"column":8},"end":{"line":221,"column":null}},"73":{"start":{"line":224,"column":14},"end":{"line":224,"column":null}},"74":{"start":{"line":225,"column":24},"end":{"line":225,"column":null}},"75":{"start":{"line":227,"column":30},"end":{"line":227,"column":null}},"76":{"start":{"line":228,"column":30},"end":{"line":228,"column":null}},"77":{"start":{"line":230,"column":8},"end":{"line":232,"column":null}},"78":{"start":{"line":234,"column":8},"end":{"line":236,"column":null}},"79":{"start":{"line":235,"column":10},"end":{"line":235,"column":null}},"80":{"start":{"line":239,"column":34},"end":{"line":239,"column":null}},"81":{"start":{"line":240,"column":8},"end":{"line":242,"column":null}},"82":{"start":{"line":243,"column":8},"end":{"line":245,"column":null}},"83":{"start":{"line":244,"column":10},"end":{"line":244,"column":null}},"84":{"start":{"line":248,"column":27},"end":{"line":248,"column":null}},"85":{"start":{"line":249,"column":6},"end":{"line":249,"column":null}},"86":{"start":{"line":250,"column":6},"end":{"line":250,"column":null}},"87":{"start":{"line":253,"column":6},"end":{"line":253,"column":null}},"88":{"start":{"line":255,"column":6},"end":{"line":255,"column":null}}},"fnMap":{"0":{"name":"Register","decl":{"start":{"line":76,"column":16},"end":{"line":76,"column":null}},"loc":{"start":{"line":76,"column":16},"end":{"line":452,"column":null}},"line":76},"1":{"name":"(anonymous_1)","decl":{"start":{"line":101,"column":26},"end":{"line":101,"column":27}},"loc":{"start":{"line":101,"column":72},"end":{"line":152,"column":null}},"line":101},"2":{"name":"(anonymous_2)","decl":{"start":{"line":154,"column":12},"end":{"line":154,"column":null}},"loc":{"start":{"line":154,"column":12},"end":{"line":169,"column":5}},"line":154},"3":{"name":"(anonymous_3)","decl":{"start":{"line":155,"column":30},"end":{"line":155,"column":null}},"loc":{"start":{"line":155,"column":30},"end":{"line":166,"column":null}},"line":155},"4":{"name":"(anonymous_4)","decl":{"start":{"line":171,"column":33},"end":{"line":171,"column":40}},"loc":{"start":{"line":171,"column":40},"end":{"line":190,"column":null}},"line":171},"5":{"name":"(anonymous_5)","decl":{"start":{"line":178,"column":22},"end":{"line":178,"column":23}},"loc":{"start":{"line":178,"column":32},"end":{"line":178,"column":null}},"line":178},"6":{"name":"(anonymous_6)","decl":{"start":{"line":192,"column":45},"end":{"line":192,"column":46}},"loc":{"start":{"line":192,"column":62},"end":{"line":195,"column":null}},"line":192},"7":{"name":"(anonymous_7)","decl":{"start":{"line":197,"column":54},"end":{"line":197,"column":61}},"loc":{"start":{"line":197,"column":61},"end":{"line":257,"column":null}},"line":197},"8":{"name":"(anonymous_8)","decl":{"start":{"line":217,"column":24},"end":{"line":217,"column":35}},"loc":{"start":{"line":217,"column":35},"end":{"line":217,"column":null}},"line":217},"9":{"name":"(anonymous_9)","decl":{"start":{"line":234,"column":19},"end":{"line":234,"column":null}},"loc":{"start":{"line":234,"column":19},"end":{"line":236,"column":11}},"line":234},"10":{"name":"(anonymous_10)","decl":{"start":{"line":243,"column":19},"end":{"line":243,"column":null}},"loc":{"start":{"line":243,"column":19},"end":{"line":245,"column":11}},"line":243}},"branchMap":{"0":{"loc":{"start":{"line":101,"column":43},"end":{"line":101,"column":72}},"type":"default-arg","locations":[{"start":{"line":101,"column":61},"end":{"line":101,"column":72}}],"line":101},"1":{"loc":{"start":{"line":102,"column":4},"end":{"line":144,"column":null}},"type":"if","locations":[{"start":{"line":102,"column":4},"end":{"line":144,"column":null}},{"start":{},"end":{}}],"line":102},"2":{"loc":{"start":{"line":104,"column":6},"end":{"line":106,"column":null}},"type":"if","locations":[{"start":{"line":104,"column":6},"end":{"line":106,"column":null}},{"start":{},"end":{}}],"line":104},"3":{"loc":{"start":{"line":112,"column":6},"end":{"line":143,"column":null}},"type":"switch","locations":[{"start":{"line":113,"column":8},"end":{"line":119,"column":null}},{"start":{"line":120,"column":8},"end":{"line":121,"column":null}},{"start":{"line":122,"column":8},"end":{"line":123,"column":null}},{"start":{"line":124,"column":8},"end":{"line":132,"column":null}},{"start":{"line":133,"column":8},"end":{"line":134,"column":null}},{"start":{"line":135,"column":8},"end":{"line":136,"column":null}},{"start":{"line":137,"column":8},"end":{"line":138,"column":null}},{"start":{"line":139,"column":8},"end":{"line":140,"column":null}},{"start":{"line":141,"column":8},"end":{"line":142,"column":null}}],"line":112},"4":{"loc":{"start":{"line":115,"column":10},"end":{"line":118,"column":null}},"type":"if","locations":[{"start":{"line":115,"column":10},"end":{"line":118,"column":null}},{"start":{},"end":{}}],"line":115},"5":{"loc":{"start":{"line":117,"column":19},"end":{"line":117,"column":null}},"type":"binary-expr","locations":[{"start":{"line":117,"column":19},"end":{"line":117,"column":47}},{"start":{"line":117,"column":47},"end":{"line":117,"column":null}}],"line":117},"6":{"loc":{"start":{"line":119,"column":17},"end":{"line":119,"column":null}},"type":"binary-expr","locations":[{"start":{"line":119,"column":17},"end":{"line":119,"column":34}},{"start":{"line":119,"column":34},"end":{"line":119,"column":null}}],"line":119},"7":{"loc":{"start":{"line":121,"column":17},"end":{"line":121,"column":null}},"type":"binary-expr","locations":[{"start":{"line":121,"column":17},"end":{"line":121,"column":34}},{"start":{"line":121,"column":34},"end":{"line":121,"column":null}}],"line":121},"8":{"loc":{"start":{"line":126,"column":10},"end":{"line":128,"column":null}},"type":"if","locations":[{"start":{"line":126,"column":10},"end":{"line":128,"column":null}},{"start":{},"end":{}}],"line":126},"9":{"loc":{"start":{"line":129,"column":10},"end":{"line":131,"column":null}},"type":"if","locations":[{"start":{"line":129,"column":10},"end":{"line":131,"column":null}},{"start":{},"end":{}}],"line":129},"10":{"loc":{"start":{"line":132,"column":17},"end":{"line":132,"column":null}},"type":"binary-expr","locations":[{"start":{"line":132,"column":17},"end":{"line":132,"column":34}},{"start":{"line":132,"column":34},"end":{"line":132,"column":null}}],"line":132},"11":{"loc":{"start":{"line":142,"column":17},"end":{"line":142,"column":84}},"type":"binary-expr","locations":[{"start":{"line":142,"column":17},"end":{"line":142,"column":34}},{"start":{"line":142,"column":34},"end":{"line":142,"column":84}}],"line":142},"12":{"loc":{"start":{"line":147,"column":4},"end":{"line":149,"column":null}},"type":"if","locations":[{"start":{"line":147,"column":4},"end":{"line":149,"column":null}},{"start":{},"end":{}}],"line":147},"13":{"loc":{"start":{"line":148,"column":13},"end":{"line":148,"column":97}},"type":"binary-expr","locations":[{"start":{"line":148,"column":13},"end":{"line":148,"column":26}},{"start":{"line":148,"column":30},"end":{"line":148,"column":97}}],"line":148},"14":{"loc":{"start":{"line":202,"column":22},"end":{"line":202,"column":null}},"type":"cond-expr","locations":[{"start":{"line":202,"column":42},"end":{"line":202,"column":70}},{"start":{"line":202,"column":70},"end":{"line":202,"column":null}}],"line":202},"15":{"loc":{"start":{"line":208,"column":6},"end":{"line":210,"column":null}},"type":"if","locations":[{"start":{"line":208,"column":6},"end":{"line":210,"column":null}},{"start":{},"end":{}}],"line":208},"16":{"loc":{"start":{"line":227,"column":30},"end":{"line":227,"column":null}},"type":"cond-expr","locations":[{"start":{"line":227,"column":40},"end":{"line":227,"column":61}},{"start":{"line":227,"column":61},"end":{"line":227,"column":null}}],"line":227},"17":{"loc":{"start":{"line":228,"column":30},"end":{"line":228,"column":null}},"type":"cond-expr","locations":[{"start":{"line":228,"column":40},"end":{"line":228,"column":60}},{"start":{"line":228,"column":60},"end":{"line":228,"column":null}}],"line":228},"18":{"loc":{"start":{"line":277,"column":32},"end":{"line":277,"column":null}},"type":"binary-expr","locations":[{"start":{"line":277,"column":32},"end":{"line":277,"column":43}},{"start":{"line":277,"column":43},"end":{"line":277,"column":null}}],"line":277},"19":{"loc":{"start":{"line":295,"column":32},"end":{"line":295,"column":null}},"type":"binary-expr","locations":[{"start":{"line":295,"column":32},"end":{"line":295,"column":43}},{"start":{"line":295,"column":43},"end":{"line":295,"column":null}}],"line":295},"20":{"loc":{"start":{"line":314,"column":32},"end":{"line":314,"column":null}},"type":"binary-expr","locations":[{"start":{"line":314,"column":32},"end":{"line":314,"column":43}},{"start":{"line":314,"column":43},"end":{"line":314,"column":null}}],"line":314},"21":{"loc":{"start":{"line":334,"column":32},"end":{"line":334,"column":null}},"type":"binary-expr","locations":[{"start":{"line":334,"column":32},"end":{"line":334,"column":43}},{"start":{"line":334,"column":43},"end":{"line":334,"column":null}}],"line":334},"22":{"loc":{"start":{"line":353,"column":32},"end":{"line":353,"column":null}},"type":"binary-expr","locations":[{"start":{"line":353,"column":32},"end":{"line":353,"column":43}},{"start":{"line":353,"column":43},"end":{"line":353,"column":null}}],"line":353},"23":{"loc":{"start":{"line":371,"column":32},"end":{"line":371,"column":null}},"type":"binary-expr","locations":[{"start":{"line":371,"column":32},"end":{"line":371,"column":43}},{"start":{"line":371,"column":43},"end":{"line":371,"column":null}}],"line":371},"24":{"loc":{"start":{"line":388,"column":30},"end":{"line":388,"column":null}},"type":"binary-expr","locations":[{"start":{"line":388,"column":30},"end":{"line":388,"column":41}},{"start":{"line":388,"column":41},"end":{"line":388,"column":null}}],"line":388},"25":{"loc":{"start":{"line":417,"column":35},"end":{"line":417,"column":null}},"type":"cond-expr","locations":[{"start":{"line":417,"column":57},"end":{"line":417,"column":85}},{"start":{"line":417,"column":85},"end":{"line":417,"column":null}}],"line":417},"26":{"loc":{"start":{"line":422,"column":32},"end":{"line":422,"column":null}},"type":"binary-expr","locations":[{"start":{"line":422,"column":32},"end":{"line":422,"column":43}},{"start":{"line":422,"column":43},"end":{"line":422,"column":66}},{"start":{"line":422,"column":66},"end":{"line":422,"column":null}}],"line":422},"27":{"loc":{"start":{"line":436,"column":24},"end":{"line":436,"column":null}},"type":"binary-expr","locations":[{"start":{"line":436,"column":24},"end":{"line":436,"column":35}},{"start":{"line":436,"column":35},"end":{"line":436,"column":null}}],"line":436},"28":{"loc":{"start":{"line":438,"column":15},"end":{"line":438,"column":null}},"type":"cond-expr","locations":[{"start":{"line":438,"column":25},"end":{"line":438,"column":49}},{"start":{"line":438,"column":49},"end":{"line":438,"column":null}}],"line":438}},"s":{"0":1,"1":18,"2":18,"3":18,"4":18,"5":18,"6":18,"7":18,"8":18,"9":0,"10":0,"11":0,"12":0,"13":0,"14":0,"15":0,"16":0,"17":0,"18":0,"19":0,"20":0,"21":0,"22":0,"23":0,"24":0,"25":0,"26":0,"27":0,"28":0,"29":0,"30":0,"31":0,"32":0,"33":0,"34":18,"35":6,"36":6,"37":6,"38":6,"39":0,"40":0,"41":0,"42":6,"43":6,"44":18,"45":0,"46":0,"47":0,"48":0,"49":0,"50":0,"51":0,"52":0,"53":0,"54":0,"55":0,"56":0,"57":0,"58":18,"59":0,"60":18,"61":0,"62":0,"63":0,"64":0,"65":0,"66":0,"67":0,"68":0,"69":0,"70":0,"71":0,"72":0,"73":0,"74":0,"75":0,"76":0,"77":0,"78":0,"79":0,"80":0,"81":0,"82":0,"83":0,"84":0,"85":0,"86":0,"87":0,"88":0},"f":{"0":18,"1":0,"2":6,"3":6,"4":0,"5":0,"6":0,"7":0,"8":0,"9":0,"10":0},"b":{"0":[0],"1":[0,0],"2":[0,0],"3":[0,0,0,0,0,0,0,0,0],"4":[0,0],"5":[0,0],"6":[0,0],"7":[0,0],"8":[0,0],"9":[0,0],"10":[0,0],"11":[0,0],"12":[0,0],"13":[0,0],"14":[0,0],"15":[0,0],"16":[0,0],"17":[0,0],"18":[31,31],"19":[18,18],"20":[32,32],"21":[18,18],"22":[18,18],"23":[18,18],"24":[17,17],"25":[12,6],"26":[18,18,6],"27":[18,17],"28":[0,17]},"meta":{"lastBranch":29,"lastFunction":11,"lastStatement":89,"seen":{"s:35:23:63:Infinity":0,"f:76:16:76:Infinity":0,"s:77:17:77:Infinity":1,"s:78:8:78:Infinity":2,"s:79:29:79:Infinity":3,"s:80:39:80:Infinity":4,"s:81:53:81:Infinity":5,"s:82:51:82:Infinity":6,"s:84:8:98:Infinity":7,"s:101:26:152:Infinity":8,"f:101:26:101:27":1,"b:101:61:101:72":0,"b:102:4:144:Infinity:undefined:undefined:undefined:undefined":1,"s:102:4:144:Infinity":9,"b:104:6:106:Infinity:undefined:undefined:undefined:undefined":2,"s:104:6:106:Infinity":10,"s:105:8:105:Infinity":11,"s:108:21:108:42":12,"s:109:19:109:38":13,"b:113:8:119:Infinity:120:8:121:Infinity:122:8:123:Infinity:124:8:132:Infinity:133:8:134:Infinity:135:8:136:Infinity:137:8:138:Infinity:139:8:140:Infinity:141:8:142:Infinity":3,"s:112:6:143:Infinity":14,"b:115:10:118:Infinity:undefined:undefined:undefined:undefined":4,"s:115:10:118:Infinity":15,"s:116:34:116:Infinity":16,"s:117:12:117:Infinity":17,"b:117:19:117:47:117:47:117:Infinity":5,"s:119:10:119:Infinity":18,"b:119:17:119:34:119:34:119:Infinity":6,"s:121:10:121:Infinity":19,"b:121:17:121:34:121:34:121:Infinity":7,"s:123:10:123:Infinity":20,"b:126:10:128:Infinity:undefined:undefined:undefined:undefined":8,"s:126:10:128:Infinity":21,"s:127:12:127:Infinity":22,"b:129:10:131:Infinity:undefined:undefined:undefined:undefined":9,"s:129:10:131:Infinity":23,"s:130:12:130:Infinity":24,"s:132:10:132:Infinity":25,"b:132:17:132:34:132:34:132:Infinity":10,"s:134:10:134:Infinity":26,"s:136:10:136:Infinity":27,"s:138:10:138:Infinity":28,"s:140:10:140:Infinity":29,"s:142:10:142:Infinity":30,"b:142:17:142:34:142:34:142:84":11,"b:147:4:149:Infinity:undefined:undefined:undefined:undefined":12,"s:147:4:149:Infinity":31,"s:148:6:148:Infinity":32,"b:148:13:148:26:148:30:148:97":13,"s:151:4:151:Infinity":33,"s:154:2:169:Infinity":34,"f:154:12:154:Infinity":2,"s:155:30:166:Infinity":35,"f:155:30:155:Infinity":3,"s:156:6:165:Infinity":36,"s:157:20:157:Infinity":37,"s:158:8:158:Infinity":38,"s:160:8:160:Infinity":39,"s:161:29:161:Infinity":40,"s:162:8:162:Infinity":41,"s:164:8:164:Infinity":42,"s:168:4:168:Infinity":43,"s:171:33:190:Infinity":44,"f:171:33:171:40":4,"s:172:4:172:Infinity":45,"s:173:4:189:Infinity":46,"s:174:18:176:Infinity":47,"s:177:28:177:36":48,"s:178:6:178:Infinity":49,"f:178:22:178:23":5,"s:178:32:178:Infinity":50,"s:180:6:180:Infinity":51,"s:181:6:181:Infinity":52,"s:182:6:182:Infinity":53,"s:184:27:184:Infinity":54,"s:185:6:185:Infinity":55,"s:186:6:186:Infinity":56,"s:188:6:188:Infinity":57,"s:192:28:195:Infinity":58,"f:192:45:192:46":6,"s:192:62:195:Infinity":59,"s:197:54:257:Infinity":60,"f:197:54:197:61":7,"s:198:4:198:Infinity":61,"s:199:4:256:Infinity":62,"s:200:27:203:Infinity":63,"b:202:42:202:70:202:70:202:Infinity":14,"s:205:18:205:Infinity":64,"s:206:25:206:33":65,"b:208:6:210:Infinity:undefined:undefined:undefined:undefined":15,"s:208:6:210:Infinity":66,"s:209:8:209:Infinity":67,"s:212:6:214:Infinity":68,"s:217:6:217:Infinity":69,"f:217:24:217:35":8,"s:217:35:217:Infinity":70,"s:220:6:246:Infinity":71,"s:221:8:221:Infinity":72,"s:224:14:224:Infinity":73,"s:225:24:225:Infinity":74,"s:227:30:227:Infinity":75,"b:227:40:227:61:227:61:227:Infinity":16,"s:228:30:228:Infinity":76,"b:228:40:228:60:228:60:228:Infinity":17,"s:230:8:232:Infinity":77,"s:234:8:236:Infinity":78,"f:234:19:234:Infinity":9,"s:235:10:235:Infinity":79,"s:239:34:239:Infinity":80,"s:240:8:242:Infinity":81,"s:243:8:245:Infinity":82,"f:243:19:243:Infinity":10,"s:244:10:244:Infinity":83,"s:248:27:248:Infinity":84,"s:249:6:249:Infinity":85,"s:250:6:250:Infinity":86,"s:253:6:253:Infinity":87,"s:255:6:255:Infinity":88,"b:277:32:277:43:277:43:277:Infinity":18,"b:295:32:295:43:295:43:295:Infinity":19,"b:314:32:314:43:314:43:314:Infinity":20,"b:334:32:334:43:334:43:334:Infinity":21,"b:353:32:353:43:353:43:353:Infinity":22,"b:371:32:371:43:371:43:371:Infinity":23,"b:388:30:388:41:388:41:388:Infinity":24,"b:417:57:417:85:417:85:417:Infinity":25,"b:422:32:422:43:422:43:422:66:422:66:422:Infinity":26,"b:436:24:436:35:436:35:436:Infinity":27,"b:438:25:438:49:438:49:438:Infinity":28}}}
,"C:\\Coding\\CampusForge\\CampusForge\\frontend\\src\\components\\ui\\button.tsx": {"path":"C:\\Coding\\CampusForge\\CampusForge\\frontend\\src\\components\\ui\\button.tsx","statementMap":{"0":{"start":{"line":7,"column":6},"end":{"line":34,"column":null}},"1":{"start":{"line":37,"column":15},"end":{"line":54,"column":null}},"2":{"start":{"line":44,"column":15},"end":{"line":44,"column":null}},"3":{"start":{"line":56,"column":0},"end":{"line":56,"column":null}}},"fnMap":{"0":{"name":"(anonymous_0)","decl":{"start":{"line":43,"column":2},"end":{"line":43,"column":3}},"loc":{"start":{"line":43,"column":60},"end":{"line":54,"column":null}},"line":43}},"branchMap":{"0":{"loc":{"start":{"line":43,"column":31},"end":{"line":43,"column":46}},"type":"default-arg","locations":[{"start":{"line":43,"column":41},"end":{"line":43,"column":46}}],"line":43},"1":{"loc":{"start":{"line":44,"column":15},"end":{"line":44,"column":null}},"type":"cond-expr","locations":[{"start":{"line":44,"column":25},"end":{"line":44,"column":32}},{"start":{"line":44,"column":32},"end":{"line":44,"column":null}}],"line":44}},"s":{"0":1,"1":1,"2":41,"3":1},"f":{"0":41},"b":{"0":[41],"1":[0,41]},"meta":{"lastBranch":2,"lastFunction":1,"lastStatement":4,"seen":{"s:7:6:34:Infinity":0,"s:37:15:54:Infinity":1,"f:43:2:43:3":0,"b:43:41:43:46":0,"s:44:15:44:Infinity":2,"b:44:25:44:32:44:32:44:Infinity":1,"s:56:0:56:Infinity":3}}}
,"C:\\Coding\\CampusForge\\CampusForge\\frontend\\src\\components\\ui\\combobox.tsx": {"path":"C:\\Coding\\CampusForge\\CampusForge\\frontend\\src\\components\\ui\\combobox.tsx","statementMap":{"0":{"start":{"line":1,"column":0},"end":{"line":1,"column":null}},"1":{"start":{"line":53,"column":26},"end":{"line":53,"column":null}},"2":{"start":{"line":54,"column":40},"end":{"line":54,"column":null}},"3":{"start":{"line":56,"column":25},"end":{"line":56,"column":null}},"4":{"start":{"line":56,"column":50},"end":{"line":56,"column":null}},"5":{"start":{"line":58,"column":26},"end":{"line":64,"column":null}},"6":{"start":{"line":59,"column":4},"end":{"line":59,"column":null}},"7":{"start":{"line":59,"column":22},"end":{"line":59,"column":null}},"8":{"start":{"line":60,"column":24},"end":{"line":60,"column":null}},"9":{"start":{"line":61,"column":4},"end":{"line":62,"column":null}},"10":{"start":{"line":62,"column":6},"end":{"line":62,"column":null}},"11":{"start":{"line":66,"column":27},"end":{"line":72,"column":null}},"12":{"start":{"line":67,"column":4},"end":{"line":67,"column":null}},"13":{"start":{"line":67,"column":45},"end":{"line":67,"column":null}},"14":{"start":{"line":68,"column":24},"end":{"line":68,"column":null}},"15":{"start":{"line":69,"column":4},"end":{"line":70,"column":null}},"16":{"start":{"line":70,"column":18},"end":{"line":70,"column":null}},"17":{"start":{"line":74,"column":26},"end":{"line":84,"column":null}},"18":{"start":{"line":75,"column":4},"end":{"line":75,"column":null}},"19":{"start":{"line":75,"column":45},"end":{"line":75,"column":null}},"20":{"start":{"line":76,"column":4},"end":{"line":83,"column":null}},"21":{"start":{"line":77,"column":6},"end":{"line":77,"column":null}},"22":{"start":{"line":78,"column":6},"end":{"line":78,"column":null}},"23":{"start":{"line":79,"column":6},"end":{"line":79,"column":null}},"24":{"start":{"line":82,"column":6},"end":{"line":82,"column":null}},"25":{"start":{"line":141,"column":20},"end":{"line":141,"column":null}},"26":{"start":{"line":142,"column":20},"end":{"line":142,"column":null}},"27":{"start":{"line":143,"column":20},"end":{"line":143,"column":null}}},"fnMap":{"0":{"name":"Combobox","decl":{"start":{"line":39,"column":16},"end":{"line":39,"column":25}},"loc":{"start":{"line":52,"column":16},"end":{"line":173,"column":null}},"line":52},"1":{"name":"(anonymous_1)","decl":{"start":{"line":56,"column":38},"end":{"line":56,"column":39}},"loc":{"start":{"line":56,"column":50},"end":{"line":56,"column":null}},"line":56},"2":{"name":"(anonymous_2)","decl":{"start":{"line":58,"column":40},"end":{"line":58,"column":null}},"loc":{"start":{"line":58,"column":40},"end":{"line":64,"column":5}},"line":58},"3":{"name":"(anonymous_3)","decl":{"start":{"line":61,"column":26},"end":{"line":61,"column":27}},"loc":{"start":{"line":62,"column":6},"end":{"line":62,"column":null}},"line":62},"4":{"name":"(anonymous_4)","decl":{"start":{"line":66,"column":41},"end":{"line":66,"column":null}},"loc":{"start":{"line":66,"column":41},"end":{"line":72,"column":5}},"line":66},"5":{"name":"(anonymous_5)","decl":{"start":{"line":70,"column":6},"end":{"line":70,"column":7}},"loc":{"start":{"line":70,"column":18},"end":{"line":70,"column":null}},"line":70},"6":{"name":"(anonymous_6)","decl":{"start":{"line":74,"column":26},"end":{"line":74,"column":null}},"loc":{"start":{"line":74,"column":26},"end":{"line":84,"column":null}},"line":74},"7":{"name":"(anonymous_7)","decl":{"start":{"line":140,"column":28},"end":{"line":140,"column":null}},"loc":{"start":{"line":140,"column":28},"end":{"line":144,"column":null}},"line":140}},"branchMap":{"0":{"loc":{"start":{"line":43,"column":2},"end":{"line":43,"column":34}},"type":"default-arg","locations":[{"start":{"line":43,"column":16},"end":{"line":43,"column":34}}],"line":43},"1":{"loc":{"start":{"line":44,"column":2},"end":{"line":44,"column":33}},"type":"default-arg","locations":[{"start":{"line":44,"column":22},"end":{"line":44,"column":33}}],"line":44},"2":{"loc":{"start":{"line":45,"column":2},"end":{"line":45,"column":32}},"type":"default-arg","locations":[{"start":{"line":45,"column":14},"end":{"line":45,"column":32}}],"line":45},"3":{"loc":{"start":{"line":46,"column":2},"end":{"line":46,"column":23}},"type":"default-arg","locations":[{"start":{"line":46,"column":15},"end":{"line":46,"column":23}}],"line":46},"4":{"loc":{"start":{"line":48,"column":2},"end":{"line":48,"column":18}},"type":"default-arg","locations":[{"start":{"line":48,"column":13},"end":{"line":48,"column":18}}],"line":48},"5":{"loc":{"start":{"line":59,"column":4},"end":{"line":59,"column":null}},"type":"if","locations":[{"start":{"line":59,"column":4},"end":{"line":59,"column":null}},{"start":{},"end":{}}],"line":59},"6":{"loc":{"start":{"line":67,"column":4},"end":{"line":67,"column":null}},"type":"if","locations":[{"start":{"line":67,"column":4},"end":{"line":67,"column":null}},{"start":{},"end":{}}],"line":67},"7":{"loc":{"start":{"line":67,"column":8},"end":{"line":67,"column":45}},"type":"binary-expr","locations":[{"start":{"line":67,"column":8},"end":{"line":67,"column":24}},{"start":{"line":67,"column":24},"end":{"line":67,"column":45}}],"line":67},"8":{"loc":{"start":{"line":75,"column":4},"end":{"line":75,"column":null}},"type":"if","locations":[{"start":{"line":75,"column":4},"end":{"line":75,"column":null}},{"start":{},"end":{}}],"line":75},"9":{"loc":{"start":{"line":75,"column":8},"end":{"line":75,"column":45}},"type":"binary-expr","locations":[{"start":{"line":75,"column":8},"end":{"line":75,"column":24}},{"start":{"line":75,"column":24},"end":{"line":75,"column":45}}],"line":75},"10":{"loc":{"start":{"line":96,"column":12},"end":{"line":96,"column":null}},"type":"binary-expr","locations":[{"start":{"line":96,"column":12},"end":{"line":96,"column":31}},{"start":{"line":96,"column":31},"end":{"line":96,"column":null}}],"line":96},"11":{"loc":{"start":{"line":102,"column":11},"end":{"line":102,"column":null}},"type":"cond-expr","locations":[{"start":{"line":102,"column":28},"end":{"line":102,"column":48}},{"start":{"line":102,"column":51},"end":{"line":102,"column":null}}],"line":102},"12":{"loc":{"start":{"line":119,"column":15},"end":{"line":132,"column":null}},"type":"cond-expr","locations":[{"start":{"line":119,"column":15},"end":{"line":132,"column":null}},{"start":{"line":132,"column":16},"end":{"line":132,"column":null}}],"line":119},"13":{"loc":{"start":{"line":149,"column":22},"end":{"line":149,"column":null}},"type":"cond-expr","locations":[{"start":{"line":149,"column":47},"end":{"line":149,"column":63}},{"start":{"line":149,"column":63},"end":{"line":149,"column":null}}],"line":149}},"s":{"0":1,"1":18,"2":18,"3":18,"4":0,"5":18,"6":17,"7":17,"8":0,"9":0,"10":0,"11":18,"12":17,"13":17,"14":0,"15":0,"16":0,"17":18,"18":0,"19":0,"20":0,"21":0,"22":0,"23":0,"24":0,"25":0,"26":0,"27":0},"f":{"0":18,"1":0,"2":17,"3":0,"4":17,"5":0,"6":0,"7":0},"b":{"0":[18],"1":[18],"2":[18],"3":[18],"4":[18],"5":[17,0],"6":[17,0],"7":[17,17],"8":[0,0],"9":[0,0],"10":[18,18],"11":[0,18],"12":[0,18],"13":[0,0]},"meta":{"lastBranch":14,"lastFunction":8,"lastStatement":28,"seen":{"s:1:0:1:Infinity":0,"f:39:16:39:25":0,"b:43:16:43:34":0,"b:44:22:44:33":1,"b:45:14:45:32":2,"b:46:15:46:23":3,"b:48:13:48:18":4,"s:53:26:53:Infinity":1,"s:54:40:54:Infinity":2,"s:56:25:56:Infinity":3,"f:56:38:56:39":1,"s:56:50:56:Infinity":4,"s:58:26:64:Infinity":5,"f:58:40:58:Infinity":2,"b:59:4:59:Infinity:undefined:undefined:undefined:undefined":5,"s:59:4:59:Infinity":6,"s:59:22:59:Infinity":7,"s:60:24:60:Infinity":8,"s:61:4:62:Infinity":9,"f:61:26:61:27":3,"s:62:6:62:Infinity":10,"s:66:27:72:Infinity":11,"f:66:41:66:Infinity":4,"b:67:4:67:Infinity:undefined:undefined:undefined:undefined":6,"s:67:4:67:Infinity":12,"b:67:8:67:24:67:24:67:45":7,"s:67:45:67:Infinity":13,"s:68:24:68:Infinity":14,"s:69:4:70:Infinity":15,"f:70:6:70:7":5,"s:70:18:70:Infinity":16,"s:74:26:84:Infinity":17,"f:74:26:74:Infinity":6,"b:75:4:75:Infinity:undefined:undefined:undefined:undefined":8,"s:75:4:75:Infinity":18,"b:75:8:75:24:75:24:75:45":9,"s:75:45:75:Infinity":19,"s:76:4:83:Infinity":20,"s:77:6:77:Infinity":21,"s:78:6:78:Infinity":22,"s:79:6:79:Infinity":23,"s:82:6:82:Infinity":24,"b:96:12:96:31:96:31:96:Infinity":10,"b:102:28:102:48:102:51:102:Infinity":11,"b:119:15:132:Infinity:132:16:132:Infinity":12,"f:140:28:140:Infinity":7,"s:141:20:141:Infinity":25,"s:142:20:142:Infinity":26,"s:143:20:143:Infinity":27,"b:149:47:149:63:149:63:149:Infinity":13}}}
,"C:\\Coding\\CampusForge\\CampusForge\\frontend\\src\\components\\ui\\command.tsx": {"path":"C:\\Coding\\CampusForge\\CampusForge\\frontend\\src\\components\\ui\\command.tsx","statementMap":{"0":{"start":{"line":1,"column":0},"end":{"line":1,"column":null}}},"fnMap":{"0":{"name":"Command","decl":{"start":{"line":16,"column":9},"end":{"line":16,"column":17}},"loc":{"start":{"line":19,"column":48},"end":{"line":30,"column":null}},"line":19},"1":{"name":"CommandDialog","decl":{"start":{"line":32,"column":9},"end":{"line":32,"column":23}},"loc":{"start":{"line":40,"column":1},"end":{"line":54,"column":null}},"line":40},"2":{"name":"CommandInput","decl":{"start":{"line":56,"column":9},"end":{"line":56,"column":22}},"loc":{"start":{"line":59,"column":54},"end":{"line":76,"column":null}},"line":59},"3":{"name":"CommandList","decl":{"start":{"line":78,"column":9},"end":{"line":78,"column":21}},"loc":{"start":{"line":81,"column":53},"end":{"line":92,"column":null}},"line":81},"4":{"name":"CommandEmpty","decl":{"start":{"line":94,"column":9},"end":{"line":94,"column":22}},"loc":{"start":{"line":96,"column":54},"end":{"line":104,"column":null}},"line":96},"5":{"name":"CommandGroup","decl":{"start":{"line":106,"column":9},"end":{"line":106,"column":22}},"loc":{"start":{"line":109,"column":54},"end":{"line":120,"column":null}},"line":109},"6":{"name":"CommandSeparator","decl":{"start":{"line":122,"column":9},"end":{"line":122,"column":26}},"loc":{"start":{"line":125,"column":58},"end":{"line":133,"column":null}},"line":125},"7":{"name":"CommandItem","decl":{"start":{"line":135,"column":9},"end":{"line":135,"column":21}},"loc":{"start":{"line":138,"column":53},"end":{"line":149,"column":null}},"line":138},"8":{"name":"CommandShortcut","decl":{"start":{"line":151,"column":9},"end":{"line":151,"column":25}},"loc":{"start":{"line":154,"column":31},"end":{"line":165,"column":null}},"line":154}},"branchMap":{"0":{"loc":{"start":{"line":33,"column":2},"end":{"line":33,"column":27}},"type":"default-arg","locations":[{"start":{"line":33,"column":10},"end":{"line":33,"column":27}}],"line":33},"1":{"loc":{"start":{"line":34,"column":2},"end":{"line":34,"column":48}},"type":"default-arg","locations":[{"start":{"line":34,"column":16},"end":{"line":34,"column":48}}],"line":34}},"s":{"0":1},"f":{"0":0,"1":0,"2":0,"3":0,"4":0,"5":0,"6":0,"7":0,"8":0},"b":{"0":[0],"1":[0]},"meta":{"lastBranch":2,"lastFunction":9,"lastStatement":1,"seen":{"s:1:0:1:Infinity":0,"f:16:9:16:17":0,"f:32:9:32:23":1,"b:33:10:33:27":0,"b:34:16:34:48":1,"f:56:9:56:22":2,"f:78:9:78:21":3,"f:94:9:94:22":4,"f:106:9:106:22":5,"f:122:9:122:26":6,"f:135:9:135:21":7,"f:151:9:151:25":8}}}
,"C:\\Coding\\CampusForge\\CampusForge\\frontend\\src\\components\\ui\\dialog.tsx": {"path":"C:\\Coding\\CampusForge\\CampusForge\\frontend\\src\\components\\ui\\dialog.tsx","statementMap":{"0":{"start":{"line":1,"column":0},"end":{"line":1,"column":null}}},"fnMap":{"0":{"name":"Dialog","decl":{"start":{"line":9,"column":9},"end":{"line":9,"column":16}},"loc":{"start":{"line":11,"column":52},"end":{"line":13,"column":null}},"line":11},"1":{"name":"DialogTrigger","decl":{"start":{"line":15,"column":9},"end":{"line":15,"column":23}},"loc":{"start":{"line":17,"column":55},"end":{"line":19,"column":null}},"line":17},"2":{"name":"DialogPortal","decl":{"start":{"line":21,"column":9},"end":{"line":21,"column":22}},"loc":{"start":{"line":23,"column":54},"end":{"line":25,"column":null}},"line":23},"3":{"name":"DialogClose","decl":{"start":{"line":27,"column":9},"end":{"line":27,"column":21}},"loc":{"start":{"line":29,"column":53},"end":{"line":31,"column":null}},"line":29},"4":{"name":"DialogOverlay","decl":{"start":{"line":33,"column":9},"end":{"line":33,"column":23}},"loc":{"start":{"line":36,"column":55},"end":{"line":47,"column":null}},"line":36},"5":{"name":"DialogContent","decl":{"start":{"line":49,"column":9},"end":{"line":49,"column":23}},"loc":{"start":{"line":53,"column":55},"end":{"line":73,"column":null}},"line":53},"6":{"name":"DialogHeader","decl":{"start":{"line":75,"column":9},"end":{"line":75,"column":22}},"loc":{"start":{"line":75,"column":74},"end":{"line":83,"column":null}},"line":75},"7":{"name":"DialogFooter","decl":{"start":{"line":85,"column":9},"end":{"line":85,"column":22}},"loc":{"start":{"line":85,"column":74},"end":{"line":96,"column":null}},"line":85},"8":{"name":"DialogTitle","decl":{"start":{"line":98,"column":9},"end":{"line":98,"column":21}},"loc":{"start":{"line":101,"column":53},"end":{"line":109,"column":null}},"line":101},"9":{"name":"DialogDescription","decl":{"start":{"line":111,"column":9},"end":{"line":111,"column":27}},"loc":{"start":{"line":114,"column":59},"end":{"line":122,"column":null}},"line":114}},"branchMap":{},"s":{"0":1},"f":{"0":0,"1":0,"2":0,"3":0,"4":0,"5":0,"6":0,"7":0,"8":0,"9":0},"b":{},"meta":{"lastBranch":0,"lastFunction":10,"lastStatement":1,"seen":{"s:1:0:1:Infinity":0,"f:9:9:9:16":0,"f:15:9:15:23":1,"f:21:9:21:22":2,"f:27:9:27:21":3,"f:33:9:33:23":4,"f:49:9:49:23":5,"f:75:9:75:22":6,"f:85:9:85:22":7,"f:98:9:98:21":8,"f:111:9:111:27":9}}}
,"C:\\Coding\\CampusForge\\CampusForge\\frontend\\src\\components\\ui\\form.tsx": {"path":"C:\\Coding\\CampusForge\\CampusForge\\frontend\\src\\components\\ui\\form.tsx","statementMap":{"0":{"start":{"line":1,"column":0},"end":{"line":1,"column":null}},"1":{"start":{"line":19,"column":13},"end":{"line":19,"column":null}},"2":{"start":{"line":28,"column":25},"end":{"line":29,"column":null}},"3":{"start":{"line":32,"column":18},"end":{"line":43,"column":null}},"4":{"start":{"line":45,"column":21},"end":{"line":66,"column":null}},"5":{"start":{"line":46,"column":23},"end":{"line":46,"column":null}},"6":{"start":{"line":47,"column":22},"end":{"line":47,"column":null}},"7":{"start":{"line":48,"column":25},"end":{"line":48,"column":null}},"8":{"start":{"line":49,"column":8},"end":{"line":49,"column":null}},"9":{"start":{"line":50,"column":21},"end":{"line":50,"column":null}},"10":{"start":{"line":52,"column":2},"end":{"line":54,"column":null}},"11":{"start":{"line":53,"column":4},"end":{"line":53,"column":null}},"12":{"start":{"line":56,"column":17},"end":{"line":56,"column":null}},"13":{"start":{"line":58,"column":2},"end":{"line":65,"column":null}},"14":{"start":{"line":72,"column":24},"end":{"line":73,"column":null}},"15":{"start":{"line":77,"column":13},"end":{"line":77,"column":null}},"16":{"start":{"line":94,"column":32},"end":{"line":94,"column":null}},"17":{"start":{"line":109,"column":4},"end":{"line":109,"column":null}},"18":{"start":{"line":127,"column":32},"end":{"line":127,"column":null}},"19":{"start":{"line":140,"column":35},"end":{"line":140,"column":null}},"20":{"start":{"line":141,"column":15},"end":{"line":141,"column":68}},"21":{"start":{"line":143,"column":2},"end":{"line":145,"column":null}},"22":{"start":{"line":144,"column":4},"end":{"line":144,"column":null}}},"fnMap":{"0":{"name":"(anonymous_0)","decl":{"start":{"line":32,"column":18},"end":{"line":32,"column":null}},"loc":{"start":{"line":37,"column":39},"end":{"line":43,"column":null}},"line":37},"1":{"name":"(anonymous_1)","decl":{"start":{"line":45,"column":21},"end":{"line":45,"column":null}},"loc":{"start":{"line":45,"column":21},"end":{"line":66,"column":null}},"line":45},"2":{"name":"FormItem","decl":{"start":{"line":76,"column":9},"end":{"line":76,"column":18}},"loc":{"start":{"line":76,"column":70},"end":{"line":88,"column":null}},"line":76},"3":{"name":"FormLabel","decl":{"start":{"line":90,"column":9},"end":{"line":90,"column":19}},"loc":{"start":{"line":93,"column":51},"end":{"line":105,"column":null}},"line":93},"4":{"name":"FormControl","decl":{"start":{"line":107,"column":9},"end":{"line":107,"column":21}},"loc":{"start":{"line":107,"column":68},"end":{"line":124,"column":null}},"line":107},"5":{"name":"FormDescription","decl":{"start":{"line":126,"column":9},"end":{"line":126,"column":25}},"loc":{"start":{"line":126,"column":75},"end":{"line":137,"column":null}},"line":126},"6":{"name":"FormMessage","decl":{"start":{"line":139,"column":9},"end":{"line":139,"column":21}},"loc":{"start":{"line":139,"column":71},"end":{"line":157,"column":null}},"line":139}},"branchMap":{"0":{"loc":{"start":{"line":52,"column":2},"end":{"line":54,"column":null}},"type":"if","locations":[{"start":{"line":52,"column":2},"end":{"line":54,"column":null}},{"start":{},"end":{}}],"line":52},"1":{"loc":{"start":{"line":116,"column":8},"end":{"line":118,"column":51}},"type":"cond-expr","locations":[{"start":{"line":117,"column":12},"end":{"line":117,"column":34}},{"start":{"line":118,"column":12},"end":{"line":118,"column":51}}],"line":116},"2":{"loc":{"start":{"line":141,"column":15},"end":{"line":141,"column":68}},"type":"cond-expr","locations":[{"start":{"line":141,"column":23},"end":{"line":141,"column":54}},{"start":{"line":141,"column":54},"end":{"line":141,"column":68}}],"line":141},"3":{"loc":{"start":{"line":141,"column":30},"end":{"line":141,"column":54}},"type":"binary-expr","locations":[{"start":{"line":141,"column":30},"end":{"line":141,"column":48}},{"start":{"line":141,"column":48},"end":{"line":141,"column":54}}],"line":141},"4":{"loc":{"start":{"line":143,"column":2},"end":{"line":145,"column":null}},"type":"if","locations":[{"start":{"line":143,"column":2},"end":{"line":145,"column":null}},{"start":{},"end":{}}],"line":143}},"s":{"0":1,"1":1,"2":1,"3":1,"4":1,"5":531,"6":531,"7":531,"8":531,"9":531,"10":531,"11":0,"12":531,"13":531,"14":1,"15":161,"16":171,"17":172,"18":18,"19":171,"20":171,"21":171,"22":163},"f":{"0":137,"1":531,"2":161,"3":171,"4":172,"5":18,"6":171},"b":{"0":[0,531],"1":[163,8],"2":[8,163],"3":[8,0],"4":[163,8]},"meta":{"lastBranch":5,"lastFunction":7,"lastStatement":23,"seen":{"s:1:0:1:Infinity":0,"s:19:13:19:Infinity":1,"s:28:25:29:Infinity":2,"s:32:18:43:Infinity":3,"f:32:18:32:Infinity":0,"s:45:21:66:Infinity":4,"f:45:21:45:Infinity":1,"s:46:23:46:Infinity":5,"s:47:22:47:Infinity":6,"s:48:25:48:Infinity":7,"s:49:8:49:Infinity":8,"s:50:21:50:Infinity":9,"b:52:2:54:Infinity:undefined:undefined:undefined:undefined":0,"s:52:2:54:Infinity":10,"s:53:4:53:Infinity":11,"s:56:17:56:Infinity":12,"s:58:2:65:Infinity":13,"s:72:24:73:Infinity":14,"f:76:9:76:18":2,"s:77:13:77:Infinity":15,"f:90:9:90:19":3,"s:94:32:94:Infinity":16,"f:107:9:107:21":4,"s:109:4:109:Infinity":17,"b:117:12:117:34:118:12:118:51":1,"f:126:9:126:25":5,"s:127:32:127:Infinity":18,"f:139:9:139:21":6,"s:140:35:140:Infinity":19,"s:141:15:141:68":20,"b:141:23:141:54:141:54:141:68":2,"b:141:30:141:48:141:48:141:54":3,"b:143:2:145:Infinity:undefined:undefined:undefined:undefined":4,"s:143:2:145:Infinity":21,"s:144:4:144:Infinity":22}}}
,"C:\\Coding\\CampusForge\\CampusForge\\frontend\\src\\components\\ui\\input.tsx": {"path":"C:\\Coding\\CampusForge\\CampusForge\\frontend\\src\\components\\ui\\input.tsx","statementMap":{},"fnMap":{"0":{"name":"Input","decl":{"start":{"line":5,"column":9},"end":{"line":5,"column":15}},"loc":{"start":{"line":5,"column":75},"end":{"line":19,"column":null}},"line":5}},"branchMap":{},"s":{},"f":{"0":136},"b":{},"meta":{"lastBranch":0,"lastFunction":1,"lastStatement":0,"seen":{"f:5:9:5:15":0}}}
,"C:\\Coding\\CampusForge\\CampusForge\\frontend\\src\\components\\ui\\label.tsx": {"path":"C:\\Coding\\CampusForge\\CampusForge\\frontend\\src\\components\\ui\\label.tsx","statementMap":{"0":{"start":{"line":1,"column":0},"end":{"line":1,"column":null}}},"fnMap":{"0":{"name":"Label","decl":{"start":{"line":8,"column":9},"end":{"line":8,"column":15}},"loc":{"start":{"line":11,"column":51},"end":{"line":22,"column":null}},"line":11}},"branchMap":{},"s":{"0":1},"f":{"0":171},"b":{},"meta":{"lastBranch":0,"lastFunction":1,"lastStatement":1,"seen":{"s:1:0:1:Infinity":0,"f:8:9:8:15":0}}}
,"C:\\Coding\\CampusForge\\CampusForge\\frontend\\src\\components\\ui\\popover.tsx": {"path":"C:\\Coding\\CampusForge\\CampusForge\\frontend\\src\\components\\ui\\popover.tsx","statementMap":{"0":{"start":{"line":1,"column":0},"end":{"line":1,"column":null}}},"fnMap":{"0":{"name":"Popover","decl":{"start":{"line":8,"column":9},"end":{"line":8,"column":17}},"loc":{"start":{"line":10,"column":53},"end":{"line":12,"column":null}},"line":10},"1":{"name":"PopoverTrigger","decl":{"start":{"line":14,"column":9},"end":{"line":14,"column":24}},"loc":{"start":{"line":16,"column":56},"end":{"line":18,"column":null}},"line":16},"2":{"name":"PopoverContent","decl":{"start":{"line":20,"column":9},"end":{"line":20,"column":24}},"loc":{"start":{"line":25,"column":56},"end":{"line":40,"column":null}},"line":25},"3":{"name":"PopoverAnchor","decl":{"start":{"line":42,"column":9},"end":{"line":42,"column":23}},"loc":{"start":{"line":44,"column":55},"end":{"line":46,"column":null}},"line":44}},"branchMap":{"0":{"loc":{"start":{"line":22,"column":2},"end":{"line":22,"column":18}},"type":"default-arg","locations":[{"start":{"line":22,"column":10},"end":{"line":22,"column":18}}],"line":22},"1":{"loc":{"start":{"line":23,"column":2},"end":{"line":23,"column":16}},"type":"default-arg","locations":[{"start":{"line":23,"column":15},"end":{"line":23,"column":16}}],"line":23}},"s":{"0":1},"f":{"0":18,"1":18,"2":18,"3":0},"b":{"0":[18],"1":[18]},"meta":{"lastBranch":2,"lastFunction":4,"lastStatement":1,"seen":{"s:1:0:1:Infinity":0,"f:8:9:8:17":0,"f:14:9:14:24":1,"f:20:9:20:24":2,"b:22:10:22:18":0,"b:23:15:23:16":1,"f:42:9:42:23":3}}}
,"C:\\Coding\\CampusForge\\CampusForge\\frontend\\src\\components\\ui\\select.tsx": {"path":"C:\\Coding\\CampusForge\\CampusForge\\frontend\\src\\components\\ui\\select.tsx","statementMap":{"0":{"start":{"line":1,"column":0},"end":{"line":1,"column":null}}},"fnMap":{"0":{"name":"Select","decl":{"start":{"line":13,"column":9},"end":{"line":13,"column":16}},"loc":{"start":{"line":15,"column":52},"end":{"line":17,"column":null}},"line":15},"1":{"name":"SelectGroup","decl":{"start":{"line":19,"column":9},"end":{"line":19,"column":21}},"loc":{"start":{"line":21,"column":53},"end":{"line":23,"column":null}},"line":21},"2":{"name":"SelectValue","decl":{"start":{"line":25,"column":9},"end":{"line":25,"column":21}},"loc":{"start":{"line":27,"column":53},"end":{"line":29,"column":null}},"line":27},"3":{"name":"SelectTrigger","decl":{"start":{"line":31,"column":9},"end":{"line":31,"column":23}},"loc":{"start":{"line":38,"column":1},"end":{"line":55,"column":null}},"line":38},"4":{"name":"SelectContent","decl":{"start":{"line":57,"column":9},"end":{"line":57,"column":23}},"loc":{"start":{"line":62,"column":55},"end":{"line":90,"column":null}},"line":62},"5":{"name":"SelectLabel","decl":{"start":{"line":92,"column":9},"end":{"line":92,"column":21}},"loc":{"start":{"line":95,"column":53},"end":{"line":103,"column":null}},"line":95},"6":{"name":"SelectItem","decl":{"start":{"line":105,"column":9},"end":{"line":105,"column":20}},"loc":{"start":{"line":109,"column":52},"end":{"line":127,"column":null}},"line":109},"7":{"name":"SelectSeparator","decl":{"start":{"line":129,"column":9},"end":{"line":129,"column":25}},"loc":{"start":{"line":132,"column":57},"end":{"line":140,"column":null}},"line":132},"8":{"name":"SelectScrollUpButton","decl":{"start":{"line":142,"column":9},"end":{"line":142,"column":30}},"loc":{"start":{"line":145,"column":62},"end":{"line":158,"column":null}},"line":145},"9":{"name":"SelectScrollDownButton","decl":{"start":{"line":160,"column":9},"end":{"line":160,"column":32}},"loc":{"start":{"line":163,"column":64},"end":{"line":176,"column":null}},"line":163}},"branchMap":{"0":{"loc":{"start":{"line":33,"column":2},"end":{"line":33,"column":18}},"type":"default-arg","locations":[{"start":{"line":33,"column":9},"end":{"line":33,"column":18}}],"line":33},"1":{"loc":{"start":{"line":60,"column":2},"end":{"line":60,"column":21}},"type":"default-arg","locations":[{"start":{"line":60,"column":13},"end":{"line":60,"column":21}}],"line":60},"2":{"loc":{"start":{"line":69,"column":10},"end":{"line":70,"column":null}},"type":"binary-expr","locations":[{"start":{"line":69,"column":10},"end":{"line":69,"column":null}},{"start":{"line":70,"column":12},"end":{"line":70,"column":null}}],"line":69},"3":{"loc":{"start":{"line":80,"column":12},"end":{"line":81,"column":null}},"type":"binary-expr","locations":[{"start":{"line":80,"column":12},"end":{"line":80,"column":null}},{"start":{"line":81,"column":14},"end":{"line":81,"column":null}}],"line":80}},"s":{"0":1},"f":{"0":17,"1":0,"2":17,"3":18,"4":17,"5":0,"6":33,"7":0,"8":11,"9":11},"b":{"0":[18],"1":[17],"2":[17,17],"3":[17,17]},"meta":{"lastBranch":4,"lastFunction":10,"lastStatement":1,"seen":{"s:1:0:1:Infinity":0,"f:13:9:13:16":0,"f:19:9:19:21":1,"f:25:9:25:21":2,"f:31:9:31:23":3,"b:33:9:33:18":0,"f:57:9:57:23":4,"b:60:13:60:21":1,"b:69:10:69:Infinity:70:12:70:Infinity":2,"b:80:12:80:Infinity:81:14:81:Infinity":3,"f:92:9:92:21":5,"f:105:9:105:20":6,"f:129:9:129:25":7,"f:142:9:142:30":8,"f:160:9:160:32":9}}}
,"C:\\Coding\\CampusForge\\CampusForge\\frontend\\src\\components\\ui\\utils.ts": {"path":"C:\\Coding\\CampusForge\\CampusForge\\frontend\\src\\components\\ui\\utils.ts","statementMap":{"0":{"start":{"line":5,"column":2},"end":{"line":5,"column":null}}},"fnMap":{"0":{"name":"cn","decl":{"start":{"line":4,"column":16},"end":{"line":4,"column":19}},"loc":{"start":{"line":4,"column":42},"end":{"line":6,"column":null}},"line":4}},"branchMap":{},"s":{"0":847},"f":{"0":847},"b":{},"meta":{"lastBranch":0,"lastFunction":1,"lastStatement":1,"seen":{"f:4:16:4:19":0,"s:5:2:5:Infinity":0}}}
,"C:\\Coding\\CampusForge\\CampusForge\\frontend\\src\\context\\AuthContext.tsx": {"path":"C:\\Coding\\CampusForge\\CampusForge\\frontend\\src\\context\\AuthContext.tsx","statementMap":{"0":{"start":{"line":16,"column":6},"end":{"line":16,"column":null}},"1":{"start":{"line":18,"column":28},"end":{"line":136,"column":null}},"2":{"start":{"line":19,"column":23},"end":{"line":19,"column":null}},"3":{"start":{"line":20,"column":25},"end":{"line":21,"column":null}},"4":{"start":{"line":23,"column":8},"end":{"line":23,"column":null}},"5":{"start":{"line":26,"column":2},"end":{"line":60,"column":null}},"6":{"start":{"line":27,"column":31},"end":{"line":39,"column":null}},"7":{"start":{"line":28,"column":26},"end":{"line":28,"column":null}},"8":{"start":{"line":29,"column":6},"end":{"line":38,"column":null}},"9":{"start":{"line":31,"column":8},"end":{"line":31,"column":null}},"10":{"start":{"line":32,"column":8},"end":{"line":32,"column":null}},"11":{"start":{"line":33,"column":8},"end":{"line":33,"column":null}},"12":{"start":{"line":34,"column":8},"end":{"line":34,"column":null}},"13":{"start":{"line":35,"column":8},"end":{"line":35,"column":null}},"14":{"start":{"line":36,"column":13},"end":{"line":38,"column":null}},"15":{"start":{"line":37,"column":8},"end":{"line":37,"column":null}},"16":{"start":{"line":42,"column":4},"end":{"line":42,"column":null}},"17":{"start":{"line":45,"column":25},"end":{"line":49,"column":null}},"18":{"start":{"line":46,"column":6},"end":{"line":46,"column":null}},"19":{"start":{"line":47,"column":6},"end":{"line":47,"column":null}},"20":{"start":{"line":48,"column":6},"end":{"line":48,"column":null}},"21":{"start":{"line":51,"column":4},"end":{"line":51,"column":null}},"22":{"start":{"line":54,"column":21},"end":{"line":54,"column":null}},"23":{"start":{"line":56,"column":4},"end":{"line":59,"column":null}},"24":{"start":{"line":57,"column":6},"end":{"line":57,"column":null}},"25":{"start":{"line":58,"column":6},"end":{"line":58,"column":null}},"26":{"start":{"line":62,"column":2},"end":{"line":74,"column":null}},"27":{"start":{"line":63,"column":4},"end":{"line":73,"column":null}},"28":{"start":{"line":64,"column":6},"end":{"line":70,"column":null}},"29":{"start":{"line":65,"column":8},"end":{"line":65,"column":null}},"30":{"start":{"line":67,"column":8},"end":{"line":67,"column":null}},"31":{"start":{"line":69,"column":8},"end":{"line":69,"column":null}},"32":{"start":{"line":72,"column":6},"end":{"line":72,"column":null}},"33":{"start":{"line":76,"column":16},"end":{"line":111,"column":null}},"34":{"start":{"line":77,"column":4},"end":{"line":110,"column":null}},"35":{"start":{"line":78,"column":18},"end":{"line":78,"column":null}},"36":{"start":{"line":79,"column":57},"end":{"line":79,"column":65}},"37":{"start":{"line":81,"column":6},"end":{"line":83,"column":null}},"38":{"start":{"line":82,"column":8},"end":{"line":82,"column":null}},"39":{"start":{"line":87,"column":6},"end":{"line":95,"column":null}},"40":{"start":{"line":88,"column":8},"end":{"line":88,"column":null}},"41":{"start":{"line":89,"column":8},"end":{"line":91,"column":null}},"42":{"start":{"line":90,"column":10},"end":{"line":90,"column":null}},"43":{"start":{"line":93,"column":8},"end":{"line":93,"column":null}},"44":{"start":{"line":94,"column":8},"end":{"line":94,"column":null}},"45":{"start":{"line":98,"column":6},"end":{"line":98,"column":null}},"46":{"start":{"line":99,"column":6},"end":{"line":99,"column":null}},"47":{"start":{"line":102,"column":6},"end":{"line":105,"column":null}},"48":{"start":{"line":104,"column":8},"end":{"line":104,"column":null}},"49":{"start":{"line":107,"column":6},"end":{"line":108,"column":null}},"50":{"start":{"line":113,"column":17},"end":{"line":118,"column":null}},"51":{"start":{"line":114,"column":4},"end":{"line":114,"column":null}},"52":{"start":{"line":115,"column":4},"end":{"line":115,"column":null}},"53":{"start":{"line":116,"column":4},"end":{"line":116,"column":null}},"54":{"start":{"line":117,"column":4},"end":{"line":117,"column":null}},"55":{"start":{"line":121,"column":26},"end":{"line":121,"column":null}},"56":{"start":{"line":138,"column":23},"end":{"line":142,"column":null}},"57":{"start":{"line":139,"column":8},"end":{"line":139,"column":null}},"58":{"start":{"line":140,"column":2},"end":{"line":140,"column":null}},"59":{"start":{"line":140,"column":16},"end":{"line":140,"column":null}},"60":{"start":{"line":141,"column":2},"end":{"line":141,"column":null}}},"fnMap":{"0":{"name":"(anonymous_0)","decl":{"start":{"line":18,"column":28},"end":{"line":18,"column":29}},"loc":{"start":{"line":18,"column":72},"end":{"line":136,"column":null}},"line":18},"1":{"name":"(anonymous_1)","decl":{"start":{"line":26,"column":12},"end":{"line":26,"column":null}},"loc":{"start":{"line":26,"column":12},"end":{"line":60,"column":5}},"line":26},"2":{"name":"(anonymous_2)","decl":{"start":{"line":27,"column":31},"end":{"line":27,"column":null}},"loc":{"start":{"line":27,"column":31},"end":{"line":39,"column":null}},"line":27},"3":{"name":"(anonymous_3)","decl":{"start":{"line":45,"column":25},"end":{"line":45,"column":null}},"loc":{"start":{"line":45,"column":25},"end":{"line":49,"column":null}},"line":45},"4":{"name":"(anonymous_4)","decl":{"start":{"line":56,"column":11},"end":{"line":56,"column":null}},"loc":{"start":{"line":56,"column":11},"end":{"line":59,"column":null}},"line":56},"5":{"name":"(anonymous_5)","decl":{"start":{"line":62,"column":12},"end":{"line":62,"column":null}},"loc":{"start":{"line":62,"column":12},"end":{"line":74,"column":5}},"line":62},"6":{"name":"(anonymous_6)","decl":{"start":{"line":76,"column":16},"end":{"line":76,"column":23}},"loc":{"start":{"line":76,"column":38},"end":{"line":111,"column":null}},"line":76},"7":{"name":"(anonymous_7)","decl":{"start":{"line":113,"column":17},"end":{"line":113,"column":null}},"loc":{"start":{"line":113,"column":17},"end":{"line":118,"column":null}},"line":113},"8":{"name":"(anonymous_8)","decl":{"start":{"line":138,"column":23},"end":{"line":138,"column":null}},"loc":{"start":{"line":138,"column":23},"end":{"line":142,"column":null}},"line":138}},"branchMap":{"0":{"loc":{"start":{"line":29,"column":6},"end":{"line":38,"column":null}},"type":"if","locations":[{"start":{"line":29,"column":6},"end":{"line":38,"column":null}},{"start":{"line":36,"column":13},"end":{"line":38,"column":null}}],"line":29},"1":{"loc":{"start":{"line":29,"column":10},"end":{"line":29,"column":42}},"type":"binary-expr","locations":[{"start":{"line":29,"column":10},"end":{"line":29,"column":25}},{"start":{"line":29,"column":25},"end":{"line":29,"column":42}}],"line":29},"2":{"loc":{"start":{"line":36,"column":13},"end":{"line":38,"column":null}},"type":"if","locations":[{"start":{"line":36,"column":13},"end":{"line":38,"column":null}},{"start":{},"end":{}}],"line":36},"3":{"loc":{"start":{"line":36,"column":17},"end":{"line":36,"column":48}},"type":"binary-expr","locations":[{"start":{"line":36,"column":17},"end":{"line":36,"column":32}},{"start":{"line":36,"column":17},"end":{"line":36,"column":48}}],"line":36},"4":{"loc":{"start":{"line":63,"column":4},"end":{"line":73,"column":null}},"type":"if","locations":[{"start":{"line":63,"column":4},"end":{"line":73,"column":null}},{"start":{"line":71,"column":11},"end":{"line":73,"column":null}}],"line":63},"5":{"loc":{"start":{"line":81,"column":6},"end":{"line":83,"column":null}},"type":"if","locations":[{"start":{"line":81,"column":6},"end":{"line":83,"column":null}},{"start":{},"end":{}}],"line":81},"6":{"loc":{"start":{"line":89,"column":8},"end":{"line":91,"column":null}},"type":"if","locations":[{"start":{"line":89,"column":8},"end":{"line":91,"column":null}},{"start":{},"end":{}}],"line":89},"7":{"loc":{"start":{"line":102,"column":6},"end":{"line":105,"column":null}},"type":"if","locations":[{"start":{"line":102,"column":6},"end":{"line":105,"column":null}},{"start":{},"end":{}}],"line":102},"8":{"loc":{"start":{"line":108,"column":8},"end":{"line":108,"column":null}},"type":"cond-expr","locations":[{"start":{"line":108,"column":33},"end":{"line":108,"column":46}},{"start":{"line":108,"column":49},"end":{"line":108,"column":null}}],"line":108},"9":{"loc":{"start":{"line":121,"column":26},"end":{"line":121,"column":null}},"type":"binary-expr","locations":[{"start":{"line":121,"column":26},"end":{"line":121,"column":44}},{"start":{"line":121,"column":36},"end":{"line":121,"column":null}}],"line":121},"10":{"loc":{"start":{"line":140,"column":2},"end":{"line":140,"column":null}},"type":"if","locations":[{"start":{"line":140,"column":2},"end":{"line":140,"column":null}},{"start":{},"end":{}}],"line":140}},"s":{"0":1,"1":1,"2":7,"3":7,"4":7,"5":7,"6":6,"7":6,"8":6,"9":0,"10":0,"11":0,"12":0,"13":0,"14":6,"15":0,"16":6,"17":6,"18":0,"19":0,"20":0,"21":6,"22":6,"23":6,"24":6,"25":6,"26":7,"27":6,"28":0,"29":0,"30":0,"31":0,"32":6,"33":7,"34":0,"35":0,"36":0,"37":0,"38":0,"39":0,"40":0,"41":0,"42":0,"43":0,"44":0,"45":0,"46":0,"47":0,"48":0,"49":0,"50":7,"51":0,"52":0,"53":0,"54":0,"55":7,"56":1,"57":18,"58":18,"59":0,"60":17},"f":{"0":7,"1":6,"2":6,"3":0,"4":6,"5":6,"6":0,"7":0,"8":18},"b":{"0":[0,6],"1":[6,0],"2":[0,6],"3":[6,0],"4":[0,6],"5":[0,0],"6":[0,0],"7":[0,0],"8":[0,0],"9":[7,0],"10":[0,18]},"meta":{"lastBranch":11,"lastFunction":9,"lastStatement":61,"seen":{"s:16:6:16:Infinity":0,"s:18:28:136:Infinity":1,"f:18:28:18:29":0,"s:19:23:19:Infinity":2,"s:20:25:21:Infinity":3,"s:23:8:23:Infinity":4,"s:26:2:60:Infinity":5,"f:26:12:26:Infinity":1,"s:27:31:39:Infinity":6,"f:27:31:27:Infinity":2,"s:28:26:28:Infinity":7,"b:29:6:38:Infinity:36:13:38:Infinity":0,"s:29:6:38:Infinity":8,"b:29:10:29:25:29:25:29:42":1,"s:31:8:31:Infinity":9,"s:32:8:32:Infinity":10,"s:33:8:33:Infinity":11,"s:34:8:34:Infinity":12,"s:35:8:35:Infinity":13,"b:36:13:38:Infinity:undefined:undefined:undefined:undefined":2,"s:36:13:38:Infinity":14,"b:36:17:36:32:36:17:36:48":3,"s:37:8:37:Infinity":15,"s:42:4:42:Infinity":16,"s:45:25:49:Infinity":17,"f:45:25:45:Infinity":3,"s:46:6:46:Infinity":18,"s:47:6:47:Infinity":19,"s:48:6:48:Infinity":20,"s:51:4:51:Infinity":21,"s:54:21:54:Infinity":22,"s:56:4:59:Infinity":23,"f:56:11:56:Infinity":4,"s:57:6:57:Infinity":24,"s:58:6:58:Infinity":25,"s:62:2:74:Infinity":26,"f:62:12:62:Infinity":5,"b:63:4:73:Infinity:71:11:73:Infinity":4,"s:63:4:73:Infinity":27,"s:64:6:70:Infinity":28,"s:65:8:65:Infinity":29,"s:67:8:67:Infinity":30,"s:69:8:69:Infinity":31,"s:72:6:72:Infinity":32,"s:76:16:111:Infinity":33,"f:76:16:76:23":6,"s:77:4:110:Infinity":34,"s:78:18:78:Infinity":35,"s:79:57:79:65":36,"b:81:6:83:Infinity:undefined:undefined:undefined:undefined":5,"s:81:6:83:Infinity":37,"s:82:8:82:Infinity":38,"s:87:6:95:Infinity":39,"s:88:8:88:Infinity":40,"b:89:8:91:Infinity:undefined:undefined:undefined:undefined":6,"s:89:8:91:Infinity":41,"s:90:10:90:Infinity":42,"s:93:8:93:Infinity":43,"s:94:8:94:Infinity":44,"s:98:6:98:Infinity":45,"s:99:6:99:Infinity":46,"b:102:6:105:Infinity:undefined:undefined:undefined:undefined":7,"s:102:6:105:Infinity":47,"s:104:8:104:Infinity":48,"s:107:6:108:Infinity":49,"b:108:33:108:46:108:49:108:Infinity":8,"s:113:17:118:Infinity":50,"f:113:17:113:Infinity":7,"s:114:4:114:Infinity":51,"s:115:4:115:Infinity":52,"s:116:4:116:Infinity":53,"s:117:4:117:Infinity":54,"s:121:26:121:Infinity":55,"b:121:26:121:44:121:36:121:Infinity":9,"s:138:23:142:Infinity":56,"f:138:23:138:Infinity":8,"s:139:8:139:Infinity":57,"b:140:2:140:Infinity:undefined:undefined:undefined:undefined":10,"s:140:2:140:Infinity":58,"s:140:16:140:Infinity":59,"s:141:2:141:Infinity":60}}}
}
